/area/space
/obj/docking_port/stationary
/obj/structure/lattice/catwalk
/obj/effect/medical_holosign
/turf/simulated/floor/plasteel
/obj/machinery/computer/libraryconsole/bookmanagement
/obj/item/toy/cards/deck
/area/security/transfer
/area/ai_monitored/security/armory
/obj/structure/closet/secure_closet/security/sec
/turf/simulated/floor/fancy/carpet
/obj/structure/table/wood
/turf/simulated/floor/plasteel/airless
/obj/machinery/door/poddoor/preopen
/obj/item/stack/cable_coil/random
/obj/item/weapon/gun/projectile/automatic/pistol/mk58
/obj/item/clothing/suit/armor/vest/secnew/heavy/officer
/obj/item/ammo_box/magazine/m45
/obj/item/weapon/gun/projectile/automatic/carbine
/obj/item/clothing/suit/armor/vest/secnew/heavy/hos
/obj/item/ammo_box/magazine/c556
/obj/effect/spawner/lootdrop/armory_contraband
/obj/item/weapon/book/manual/wiki/security_space_law
/mob/living/simple_animal/pet/cat/Proc
/obj/item/weapon/storage/box/deputy
/obj/item/weapon/surgical_drapes
/obj/item/weapon/razor
/obj/item/device/flash/handheld
/obj/item/weapon/gun/projectile/shotgun/riot
/obj/item/clothing/head/helmet/alt
/obj/item/weapon/storage/box/firingpins
/obj/item/weapon/storage/box/zipties
/obj/item/weapon/storage/box/teargas
/obj/machinery/atmospherics/unary/portables_connector/visible
/obj/item/stack/packageWrap
/obj/item/weapon/tank/internals/anesthetic
/obj/item/weapon/tank/internals/oxygen/red
/obj/machinery/door/airlock/shuttle
/obj/docking_port/mobile/pod
/obj/structure/window/shuttle
/obj/item/weapon/restraints/handcuffs
/obj/item/device/electropack
/obj/item/weapon/reagent_containers/syringe/epinephrine
/obj/item/clothing/mask/gas/sechailer
/obj/structure/table/glass
/obj/item/weapon/reagent_containers/glass/bottle/morphine
/area/security/processing
/obj/item/weapon/storage/box/prisoner
/obj/machinery/computer/shuttle/labor
/obj/machinery/mineral/labor_claim_console
/obj/effect/spawner/lootdrop/maintenance
/obj/machinery/door/poddoor/shutters/preopen
/obj/machinery/mineral/stacking_machine/laborstacker
/obj/docking_port/mobile
/area/crew_quarters/sleep
/obj/item/weapon/tank/internals/oxygen
/obj/machinery/computer/slot_machine
/obj/machinery/atmospherics/binary/valve
/obj/structure/dresser
/area/maintenance/electrical
/obj/item/stack/cable_coil
/obj/item/weapon/reagent_containers/blood/random
/obj/item/weapon/airlock_painter
/obj/machinery/atmospherics/unary/tank/air
/obj/item/clothing/gloves/color/fyellow
/obj/structure/optable
/obj/item/device/instrument/guitar
/obj/item/device/instrument/violin
/obj/item/weapon/stock_parts/cell/high
/obj/item/weapon/reagent_containers/food/drinks/bottle/vodka/badminka
/obj/item/weapon/restraints/handcuffs/cable/zipties
/obj/machinery/gateway
/obj/machinery/computer/monitor
/turf/simulated/floor/fancy/grass
/area/ai_monitored/nuke_storage
/obj/machinery/gateway/centerstation
/obj/item/weapon/folder/documents
/obj/machinery/vending/autodrobe
/obj/machinery/nuclearbomb/selfdestruct
/obj/item/weapon/reagent_containers/food/snacks/grown/citrus/orange
/obj/item/weapon/paper/pamphlet
/obj/item/weapon/reagent_containers/food/drinks/drinkingglass/shotglass
/obj/item/weapon/gun/projectile/revolver/russian
/obj/item/ammo_box/a357
/obj/item/weapon/reagent_containers/spray/pestspray
/obj/item/weapon/reagent_containers/glass/bottle/nutrient/ez
/obj/item/weapon/reagent_containers/glass/bottle/nutrient/rh
/obj/structure/bodycontainer/crematorium
/obj/structure/sign/map/left
/obj/structure/sign/map/right
/obj/item/weapon/storage/bag/plants/portaseeder
/obj/structure/closet/secure_closet/exile
/obj/structure/sign/directions/security
/obj/structure/sign/directions/medical
/obj/structure/sign/directions/evac
/obj/item/weapon/watertank
/obj/structure/piano
/obj/machinery/icecream_vat
/obj/structure/bodycontainer/morgue
/obj/item/weapon/reagent_containers/food/drinks/soda_cans/cola
/turf/simulated/floor/goonplaque
/obj/structure/closet/chefcloset
/obj/structure/sign/directions/engineering
/obj/machinery/hydroponics/constructable
/obj/machinery/computer/libraryconsole
/obj/item/weapon/kitchen/fork
/obj/machinery/chem_dispenser/drinks/beer
/obj/machinery/vending/clothing
/obj/machinery/computer/shuttle/mining
/obj/machinery/party/musicwriter
/obj/machinery/food_cart
/obj/item/weapon/tank/internals/emergency_oxygen
/obj/machinery/chem_dispenser/drinks
/obj/item/weapon/reagent_containers/food/snacks/pie/cream
/obj/item/clothing/gloves/color/rainbow
/obj/item/clothing/shoes/sneakers/rainbow
/obj/item/weapon/stock_parts/cell
/obj/item/weapon/aiModule/core/full/asimov
/obj/structure/sign/barsign
/obj/item/stack/wrapping_paper
/obj/item/weapon/aiModule/supplied/quarantine
/obj/item/weapon/aiModule/supplied/freeform
/obj/machinery/party/gramophone
/obj/item/weapon/aiModule/core/freeformcore
/obj/item/weapon/aiModule/core/full/corp
/obj/item/weapon/aiModule/core/full/paladin
/obj/item/weapon/aiModule/core/full/robocop
/obj/item/weapon/aiModule/core/full/custom
/obj/machinery/computer/upload/ai
/obj/machinery/computer/upload/borg
/obj/item/weapon/aiModule/supplied/oxygen
/obj/item/weapon/aiModule/zeroth/oneHuman
/obj/item/weapon/aiModule/reset/purge
/obj/item/weapon/aiModule/core/full/antimov
/obj/item/weapon/aiModule/supplied/protectStation
/obj/item/weapon/storage/lockbox/medal
/obj/structure/sign/directions/science
/obj/structure/sign/bluecross_2
/area/engine/gravity_generator
/obj/machinery/chem_heater
/obj/machinery/suit_storage_unit/captain
/obj/item/weapon/reagent_containers/glass/bottle/epinephrine
/obj/machinery/pdapainter
/obj/machinery/gravity_generator/main/station
/obj/machinery/mineral/ore_redemption
/obj/machinery/door/firedoor/heavy
/obj/item/weapon/storage/pill_bottle/mutadone
/obj/item/weapon/storage/pill_bottle/mannitol
/area/toxins/explab
/mob/living/simple_animal/pet/corgi/Ian
/obj/item/weapon/paper/gravity_gen
/obj/item/clothing/gloves/color/latex
/obj/item/weapon/crowbar/large
/obj/item/weapon/book/manual/wiki/telescience
/obj/structure/closet/wardrobe/white/medical
/obj/item/clothing/suit/apron/surgical
/mob/living/simple_animal/pet/cat/Runtime
/obj/item/weapon/circuitboard/mining
/obj/item/weapon/circuitboard/arcade/battle
/obj/item/weapon/restraints/legcuffs/beartrap
/obj/machinery/vending/wallmed
/obj/item/weapon/storage/firstaid/brute
/obj/machinery/mineral/equipment_vendor
/obj/item/clothing/gloves/color/yellow
/obj/machinery/monkey_recycler
/obj/machinery/atmospherics/pipe/simple/cyan/visible
/obj/machinery/door/airlock/virology
/obj/machinery/atmospherics/pipe/manifold/cyan/visible
/obj/machinery/atmospherics/unary/outlet_injector/on
/obj/machinery/pipedispenser/disposal/transit_tube
/obj/machinery/atmospherics/pipe/simple/green/visible
/obj/machinery/atmospherics/pipe/manifold/green/visible
/obj/machinery/door/airlock/glass_virology
/obj/item/newscaster_frame
/area/tcommsat/server
/obj/item/clothing/suit/hazardvest
/obj/item/clothing/gloves/color/black
/mob/living/simple_animal/slime
/obj/machinery/computer/rdconsole/experiment
/obj/item/weapon/paper/range
/obj/structure/closet/secure_closet/atmospherics
/obj/item/weapon/book/manual/wiki/infections
/obj/item/clothing/under/color/lightpurple
/obj/item/stack/spacecash/c200
/obj/machinery/suit_storage_unit/atmos
/obj/machinery/atmospherics/binary/valve/open
/obj/machinery/r_n_d/experimentor
/obj/machinery/telecomms/server/presets/service
/obj/machinery/atmospherics/pipe/manifold/cyan/hidden
/obj/machinery/atmospherics/pipe/simple/cyan/hidden
/obj/item/clothing/under/pants/jeans
/obj/item/clothing/glasses/sunglasses/aviator
/obj/item/clothing/suit/jacket
/obj/machinery/suit_storage_unit/ce
/obj/machinery/atmospherics/unary/tank/toxins
/obj/item/weapon/tank/internals/emergency_oxygen/engi
/obj/machinery/field/generator
/obj/machinery/suit_storage_unit/engine
/obj/item/weapon/book/manual/wiki/engineering_hacking
/obj/item/weapon/book/manual/wiki/engineering_construction
/obj/item/weapon/book/manual/wiki/engineering_guide
/obj/machinery/power/compressor
/obj/item/weapon/tank/internals/plasma
/area/aisat
/obj/machinery/bot/secbot/pingsky