

Starting up. 02:30.44
---------------------
Adding game mode AutoTraitor (extend-a-traitormongous) to configuration.
Adding game mode traitor+changeling (traitorchan) to configuration.
Adding game mode traitor (traitor) to configuration.
Adding game mode changeling (changeling) to configuration.
Adding game mode cult (cult) to configuration.
Adding game mode extended (extended) to configuration.
Adding game mode heist (heist) to configuration.
Adding game mode AI malfunction (malfunction) to configuration.
Adding game mode Memetic Anomaly (meme) to configuration.
Adding game mode meteor (meteor) to configuration.
Adding game mode nuclear emergency (nuclear) to configuration.
Adding game mode rp-revolution (rp-revolution) to configuration.
Adding game mode revolution (revolution) to configuration.
Adding game mode wizard (wizard) to configuration.
Saved mode is 'extended'
[02:30:57]ACCESS: Login: Recei/(Recei) from localhost-2019073278 || BYOND v506
[02:30:59]ADMIN: Loading Banlistjob
[02:31:00]ADMIN: Loading jobban_rank
[02:31:00]ADMIN: jobban_keylist was empty
[02:31:00]ADMIN: Updating jobbanfile!
[02:31:01]ADMIN: Loading Banlist
Failed to connect to database in load_donators().
[02:32:19]ADMIN: Recei has started the game.
[02:32:19]GAME: The current game mode is - extended
[02:32:19]ACCESS: Logout: *no key*/(Recei)
[02:32:19]ACCESS: Login: Recei/(Alexander Hill) from localhost-2019073278 || BYOND v506
[02:32:21]GAME:  (recei) with rank (Research Director) spawn at 152,89,1
[02:32:25]DEBUG: Next event in 18.632 minutes.
[02:35:05]ADMIN: Recei/(Alexander Hill) jumped to 75,75,1 in Engineering Maintenance
[02:35:09]SAY: Experiment 88d/ : eh?
[02:35:11]ATTACK: Alexander Hill (recei)(<A HREF='?_src_=holder;adminplayerobservejump=[0x3000020]'>JMP</A>) attacked himself with the chainsaw.
[02:35:11]ATTACK: Alexander Hill (recei) attacked himself with chainsaw (INTENT: HELP) (DAMTYE: BRUTE)
[02:35:28]ATTACK: Alexander Hill (recei)(<A HREF='?_src_=holder;adminplayerobservejump=[0x3000020]'>JMP</A>) attacked himself with the chainsaw.
[02:35:28]ATTACK: Alexander Hill (recei) attacked himself with chainsaw (INTENT: HELP) (DAMTYE: BRUTE)
[02:35:49]ADMIN: Recei/(Alexander Hill) healed / revived Recei/(Alexander Hill)
[02:36:15]ADMIN: Recei/(Alexander Hill) jumped to the Centcom Testing Facility
[02:36:22]ADMIN: Recei/(Alexander Hill) jumped to 128,99,2 in the Centcom Testing Facility
[02:36:35]ADMIN: Recei/(Alexander Hill) jumped to 122,88,2 in the Centcom Living Quarters
[02:36:39]ADMIN: Recei/(Alexander Hill) jumped to 122,84,2 in the Centcom Living Quarters
[02:36:50]ADMIN: Recei/(Alexander Hill) jumped to 121,71,2 in the Centcom Control
[02:36:54]ADMIN: Recei/(Alexander Hill) jumped to 121,69,2 in the Centcom Control
[02:36:58]ADMIN: Recei/(Alexander Hill) jumped to 122,62,2 in the Centcom Control
[02:38:26]ADMIN: Recei/(Alexander Hill) jumped to Research Outpost Atmospherics
[02:39:38]SAY: Runtime/ : Esp!
[02:42:47]ACCESS: Logout: Recei/(Alexander Hill)


Starting up. 16:02.32
---------------------


Starting up. 16:11.06
---------------------
Adding game mode AutoTraitor (extend-a-traitormongous) to configuration.
Adding game mode traitor+changeling (traitorchan) to configuration.
Adding game mode traitor (traitor) to configuration.
Adding game mode changeling (changeling) to configuration.
Adding game mode cult (cult) to configuration.
Adding game mode extended (extended) to configuration.
Adding game mode heist (heist) to configuration.
Adding game mode AI malfunction (malfunction) to configuration.
Adding game mode Memetic Anomaly (meme) to configuration.
Adding game mode meteor (meteor) to configuration.
Adding game mode nuclear emergency (nuclear) to configuration.
Adding game mode rp-revolution (rp-revolution) to configuration.
Adding game mode revolution (revolution) to configuration.
Adding game mode wizard (wizard) to configuration.
Saved mode is 'extended'
[16:11:06]ADMIN: Loading Banlistjob
[16:11:06]ADMIN: Loading jobban_rank
[16:11:06]ADMIN: jobban_keylist was empty
[16:11:06]ADMIN: Updating jobbanfile!
[16:11:06]ADMIN: Loading Banlist
Failed to connect to database in load_donators().
[16:12:17]ACCESS: Login: Recei/(Recei) from 127.0.0.1-2019073278 || BYOND v506
[16:12:32]ADMIN: Recei has started the game.
[16:12:32]GAME: The current game mode is - extended
[16:12:35]DEBUG: Next event in 22.814 minutes.
[16:12:38]ACCESS: Logout: *no key*/(Recei)
[16:12:38]ACCESS: Login: Recei/(Alexander Hill) from 127.0.0.1-2019073278 || BYOND v506
[16:14:19]ADMIN: Recei/(Alexander Hill) created a /obj/machinery/light_switch
[16:14:30]ADMIN: Recei/(Alexander Hill) deleted the light switch at (36,127,1)
[16:17:06]SAY: Runtime/ : Purr!
[16:23:54]SAY: Experiment 88d/ : EHEHEHEHEH.
[16:25:34]SAY: Ian/ : Woof!
[16:27:23]ACCESS: Logout: Recei/(Alexander Hill)
