

Starting up. 20:57.21
---------------------
Adding game mode AutoTraitor (extend-a-traitormongous) to configuration.
Adding game mode traitor+changeling (traitorchan) to configuration.
Adding game mode traitor (traitor) to configuration.
Adding game mode changeling (changeling) to configuration.
Adding game mode cult (cult) to configuration.
Adding game mode extended (extended) to configuration.
Adding game mode heist (heist) to configuration.
Adding game mode AI malfunction (malfunction) to configuration.
Adding game mode Memetic Anomaly (meme) to configuration.
Adding game mode meteor (meteor) to configuration.
Adding game mode nuclear emergency (nuclear) to configuration.
Adding game mode rp-revolution (rp-revolution) to configuration.
Adding game mode revolution (revolution) to configuration.
Adding game mode wizard (wizard) to configuration.
Saved mode is 'extended'
[20:57:37]ADMIN: Loading Banlistjob
[20:57:37]ADMIN: Loading jobban_rank
[20:57:37]ADMIN: jobban_keylist was empty
[20:57:37]ADMIN: Updating jobbanfile!
[20:57:37]ADMIN: Loading Banlist
Failed to connect to database in load_donators().
[20:58:48]ACCESS: Login: Recei/(Recei) from localhost-2019073278 || BYOND v506
[21:00:05]ADMIN: Recei has started the game.
[21:00:05]GAME: The current game mode is - extended
[21:00:07]DEBUG: Next event in 19.57 minutes.
[21:00:10]ACCESS: Logout: *no key*/(Recei)
[21:00:10]ACCESS: Login: Recei/(Osbert Brandenburg) from localhost-2019073278 || BYOND v506
[21:02:37]SAY: Runtime/ : Esp!
[21:14:44]ADMIN: Recei/(Osbert Brandenburg) jumped to 131,142,1 in Engineering
[21:15:42]ADMIN: Recei/(Osbert Brandenburg) jumped to 131,142,1 in Engineering
[21:18:22]SAY: Ian/ : AUUUUUU.
[21:19:43]DEBUG: Firing random event. #Engineer:0 #Medical:0 #Security:0 #Scientist:0 #AI:0 #Cyborg:0 #Janitor:0 #Botanist:0 ||| /datum/event/economic_event:200/datum/event/trivial_news:300/datum/event/mundane_news:200/datum/event/pda_spam:200/datum/event/money_lotto:50/datum/event/carp_migration:50/datum/event/brand_intelligence:50/datum/event/rogue_drone:25/datum/event/infestation:50/datum/event/communications_blackout:50/datum/event/ionstorm:1/datum/event/grid_check:25/datum/event/electrical_storm:1/datum/event/wallrot:1/datum/event/spacevine:5/datum/event/viral_infection:25/datum/event/prison_break:1|||Picked:/datum/event/infestation
[21:19:43]DEBUG: Next event in 22.634 minutes.
[21:23:15]ADMIN: Recei/(Osbert Brandenburg) deleted the Brig Vent Pump #4 at (121,206,1)
[21:23:32]ADMIN: Recei/(Osbert Brandenburg) deleted the Warden Vent Pump #1 at (121,210,1)
[21:27:12]ACCESS: Logout: Recei/(Osbert Brandenburg)


Starting up. 21:52.57
---------------------
Adding game mode AutoTraitor (extend-a-traitormongous) to configuration.
Adding game mode traitor+changeling (traitorchan) to configuration.
Adding game mode traitor (traitor) to configuration.
Adding game mode changeling (changeling) to configuration.
Adding game mode cult (cult) to configuration.
Adding game mode extended (extended) to configuration.
Adding game mode heist (heist) to configuration.
Adding game mode AI malfunction (malfunction) to configuration.
Adding game mode Memetic Anomaly (meme) to configuration.
Adding game mode meteor (meteor) to configuration.
Adding game mode nuclear emergency (nuclear) to configuration.
Adding game mode rp-revolution (rp-revolution) to configuration.
Adding game mode revolution (revolution) to configuration.
Adding game mode wizard (wizard) to configuration.
Saved mode is 'extended'
[21:53:38]ADMIN: Loading Banlistjob
[21:53:38]ADMIN: Loading jobban_rank
[21:53:39]ADMIN: jobban_keylist was empty
[21:53:39]ADMIN: Updating jobbanfile!
[21:53:39]ADMIN: Loading Banlist
Failed to connect to database in load_donators().
[21:54:54]ACCESS: Login: Recei/(Recei) from localhost-2019073278 || BYOND v506
[21:56:16]ADMIN: Recei has started the game.
[21:56:16]GAME: The current game mode is - extended
[21:56:19]DEBUG: Next event in 23.042 minutes.
[21:56:21]ACCESS: Logout: *no key*/(Recei)
[21:56:21]ACCESS: Login: Recei/(Jeremy Stahl) from localhost-2019073278 || BYOND v506
[21:57:34]ADMIN: Recei/(Jeremy Stahl) jumped to 149,159,1 in Engineering
[21:57:44]ADMIN: Recei/(Jeremy Stahl) jumped to 150,159,1 in Engineering
[21:57:53]ADMIN: Recei/(Jeremy Stahl) jumped to Engineering
[21:58:01]ADMIN: Recei/(Jeremy Stahl) jumped to 187,143,1 in Engineering
[22:00:48]ACCESS: Logout: Recei/(Jeremy Stahl)


Starting up. 22:16.26
---------------------
Adding game mode AutoTraitor (extend-a-traitormongous) to configuration.
Adding game mode traitor+changeling (traitorchan) to configuration.
Adding game mode traitor (traitor) to configuration.
Adding game mode changeling (changeling) to configuration.
Adding game mode cult (cult) to configuration.
Adding game mode extended (extended) to configuration.
Adding game mode heist (heist) to configuration.
Adding game mode AI malfunction (malfunction) to configuration.
Adding game mode Memetic Anomaly (meme) to configuration.
Adding game mode meteor (meteor) to configuration.
Adding game mode nuclear emergency (nuclear) to configuration.
Adding game mode rp-revolution (rp-revolution) to configuration.
Adding game mode revolution (revolution) to configuration.
Adding game mode wizard (wizard) to configuration.
Saved mode is 'extended'
[22:17:18]ADMIN: Loading Banlistjob
[22:17:18]ADMIN: Loading jobban_rank
[22:17:18]ADMIN: jobban_keylist was empty
[22:17:18]ADMIN: Updating jobbanfile!
[22:17:18]ADMIN: Loading Banlist
Failed to connect to database in load_donators().
[22:19:17]ACCESS: Login: Recei/(Recei) from localhost-2019073278 || BYOND v506
[22:20:35]ADMIN: Recei has started the game.
[22:20:35]GAME: The current game mode is - extended
[22:20:38]DEBUG: Next event in 24.024 minutes.
[22:20:41]ACCESS: Logout: *no key*/(Recei)
[22:20:41]ACCESS: Login: Recei/(Darius Butterfill) from localhost-2019073278 || BYOND v506
[22:22:42]SAY: Runtime/ : Esp!
[22:23:39]SAY: Ian/ : Bark!
[22:23:57]ACCESS: Logout: Recei/(Darius Butterfill)


Starting up. 22:34.40
---------------------


Starting up. 22:40.32
---------------------
Adding game mode AutoTraitor (extend-a-traitormongous) to configuration.
Adding game mode traitor+changeling (traitorchan) to configuration.
Adding game mode traitor (traitor) to configuration.
Adding game mode changeling (changeling) to configuration.
Adding game mode cult (cult) to configuration.
Adding game mode extended (extended) to configuration.
Adding game mode heist (heist) to configuration.
Adding game mode AI malfunction (malfunction) to configuration.
Adding game mode Memetic Anomaly (meme) to configuration.
Adding game mode meteor (meteor) to configuration.
Adding game mode nuclear emergency (nuclear) to configuration.
Adding game mode rp-revolution (rp-revolution) to configuration.
Adding game mode revolution (revolution) to configuration.
Adding game mode wizard (wizard) to configuration.
Saved mode is 'extended'
[22:40:38]ADMIN: Loading Banlistjob
[22:40:38]ADMIN: Loading jobban_rank
[22:40:38]ADMIN: jobban_keylist was empty
[22:40:38]ADMIN: Updating jobbanfile!
[22:40:38]ADMIN: Loading Banlist
Failed to connect to database in load_donators().
[22:40:57]ACCESS: Login: Recei/(Recei) from localhost-2019073278 || BYOND v506
[22:42:14]ADMIN: Recei has started the game.
[22:42:15]GAME: The current game mode is - extended
[22:42:17]DEBUG: Next event in 20.208 minutes.
[22:42:19]ACCESS: Logout: *no key*/(Recei)
[22:42:19]ACCESS: Login: Recei/(Randy Bell) from localhost-2019073278 || BYOND v506
[22:52:10]SAY: Randy Bell/Recei : Привет.
[22:52:13]SAY: Randy Bell/Recei : Хей.
[22:52:17]SAY: Randy Bell/Recei : Бл&#255;.
[22:52:20]SAY: Randy Bell/Recei : Ты кто?
[22:52:22]SAY: Randy Bell/Recei : Вас&#255;.
[22:52:25]SAY: Randy Bell/Recei : Мартышка.
[22:52:29]SAY: Randy Bell/Recei : Летаем.
[22:52:32]SAY: Randy Bell/Recei : В космос.
[22:52:36]SAY: Randy Bell/Recei : Вах-хвах.
[23:00:33]ADMIN: Recei/(Randy Bell) jumped to 146,150,1 in the Heads of Staff Meeting Room
[23:00:57]ADMIN: Recei/(Randy Bell) created a /obj/item/clothing/gloves/black
[23:01:58]ACCESS: Logout: *no key*/(Randy Bell)
[23:01:58]ACCESS: Login: Recei/(Randy Bell) from localhost-2019073278 || BYOND v506
[23:01:58]ADMIN: @Recei/(Randy Bell) jumped to @Recei/(Randy Bell)
[23:02:30]DEBUG: Firing random event. #Engineer:0 #Medical:0 #Security:0 #Scientist:0 #AI:0 #Cyborg:0 #Janitor:0 #Botanist:0 ||| /datum/event/economic_event:200/datum/event/trivial_news:300/datum/event/mundane_news:200/datum/event/pda_spam:200/datum/event/money_lotto:50/datum/event/carp_migration:50/datum/event/brand_intelligence:50/datum/event/rogue_drone:25/datum/event/infestation:50/datum/event/communications_blackout:50/datum/event/ionstorm:1/datum/event/grid_check:25/datum/event/electrical_storm:1/datum/event/wallrot:1/datum/event/spacevine:5/datum/event/viral_infection:25/datum/event/prison_break:1|||Picked:/datum/event/trivial_news
[23:02:30]DEBUG: Next event in 18.16 minutes.
[23:06:45]SAY: Runtime/ : Esp!
[23:07:33]ADMIN: Recei/(Randy Bell) jumped to Recei/(Randy Bell)
[23:07:48]ADMIN: Recei/(Randy Bell) teleported @Recei/(Randy Bell)
[23:07:51]EMOTE: Randy Bell/@Recei : <B>Randy Bell</B> gasps!
[23:07:52]ADMIN: Recei/(Randy Bell) teleported @Recei/(Randy Bell)
[23:08:00]ACCESS: Logout: *no key*/(Randy Bell)
[23:08:00]ACCESS: Login: Recei/(Randy Bell) from localhost-2019073278 || BYOND v506
[23:11:11]ACCESS: Logout: Recei/(Randy Bell)


Starting up. 23:26.32
---------------------
Adding game mode AutoTraitor (extend-a-traitormongous) to configuration.
Adding game mode traitor+changeling (traitorchan) to configuration.
Adding game mode traitor (traitor) to configuration.
Adding game mode changeling (changeling) to configuration.
Adding game mode cult (cult) to configuration.
Adding game mode extended (extended) to configuration.
Adding game mode heist (heist) to configuration.
Adding game mode AI malfunction (malfunction) to configuration.
Adding game mode Memetic Anomaly (meme) to configuration.
Adding game mode meteor (meteor) to configuration.
Adding game mode nuclear emergency (nuclear) to configuration.
Adding game mode rp-revolution (rp-revolution) to configuration.
Adding game mode revolution (revolution) to configuration.
Adding game mode wizard (wizard) to configuration.
Saved mode is 'extended'
[23:27:04]ADMIN: Loading Banlistjob
[23:27:04]ADMIN: Loading jobban_rank
[23:27:04]ADMIN: jobban_keylist was empty
[23:27:04]ADMIN: Updating jobbanfile!
[23:27:04]ADMIN: Loading Banlist
Failed to connect to database in load_donators().
[23:28:41]ACCESS: Login: Recei/(Recei) from localhost-2019073278 || BYOND v506
[23:32:19]GAME: The current game mode is - extended
[23:32:21]DEBUG: Next event in 18.94 minutes.
[23:33:25]ACCESS: Logout: *no key*/(Recei)
[23:33:25]ACCESS: Login: Recei/(Alexander Hill) from localhost-2019073278 || BYOND v506
[23:37:15]SAY: Experiment 88d/ : EHEHEHEHEH.
[23:38:59]SAY: Ian/ : Woof!
[23:41:27]SAY: Experiment 88d/ : eh?
[23:44:44]ADMIN: Recei/(Alexander Hill) toggled debugging on.
[23:44:47]ADMIN: Recei/(Alexander Hill) toggled debugging off.
[23:46:09]SAY: Ian/ : AUUUUUU.
[23:46:10]ADMIN: Recei/(Alexander Hill) made all areas powered
[23:46:49]ADMIN: Recei/(Alexander Hill) used secret power
[23:51:19]DEBUG: Firing random event. #Engineer:0 #Medical:0 #Security:0 #Scientist:0 #AI:0 #Cyborg:0 #Janitor:0 #Botanist:0 ||| /datum/event/economic_event:200/datum/event/trivial_news:300/datum/event/mundane_news:200/datum/event/pda_spam:200/datum/event/money_lotto:50/datum/event/carp_migration:50/datum/event/brand_intelligence:50/datum/event/rogue_drone:25/datum/event/infestation:50/datum/event/communications_blackout:50/datum/event/ionstorm:1/datum/event/grid_check:25/datum/event/electrical_storm:1/datum/event/wallrot:1/datum/event/spacevine:5/datum/event/viral_infection:25/datum/event/prison_break:1|||Picked:/datum/event/communications_blackout
[23:51:19]DEBUG: Next event in 19.822 minutes.
[23:52:14]ADMIN: Recei/(Alexander Hill) jumped to Auxillary Storage
[23:52:18]ADMIN: Recei/(Alexander Hill) jumped to the Port Primary Hallway
[23:55:38]ADMIN: Recei/(Alexander Hill) jumped to 145,217,1 in Dormitory Maintenance
[23:55:51]ADMIN: Recei/(Alexander Hill) used Dispatch Response Team.
[23:56:01]ADMIN: Recei/(Alexander Hill) has entered build mode.
[23:56:03]ADMIN: Recei/(Alexander Hill) has left build mode.
[23:56:27]GAME: Explosion with size (5) in area Dormitory Maintenance 
[23:56:34]ADMIN: Recei/(Alexander Hill) healed / revived Recei/(Alexander Hill)
[23:56:43]ACCESS: Logout: Recei/(Alexander Hill)
