

Starting up. 00:49.27
---------------------
Adding game mode AutoTraitor (extend-a-traitormongous) to configuration.
Adding game mode traitor+changeling (traitorchan) to configuration.
Adding game mode traitor (traitor) to configuration.
Adding game mode changeling (changeling) to configuration.
Adding game mode cult (cult) to configuration.
Adding game mode extended (extended) to configuration.
Adding game mode heist (heist) to configuration.
Adding game mode AI malfunction (malfunction) to configuration.
Adding game mode Memetic Anomaly (meme) to configuration.
Adding game mode meteor (meteor) to configuration.
Adding game mode nuclear emergency (nuclear) to configuration.
Adding game mode rp-revolution (rp-revolution) to configuration.
Adding game mode revolution (revolution) to configuration.
Adding game mode wizard (wizard) to configuration.
Saved mode is 'extended'
[00:49:31]ADMIN: Loading Banlistjob
[00:49:31]ADMIN: Loading jobban_rank
[00:49:31]ADMIN: jobban_keylist was empty
[00:49:31]ADMIN: Updating jobbanfile!
[00:49:31]ADMIN: Loading Banlist
Failed to connect to database in load_donators().
[00:49:51]ACCESS: Login: Recei/(Recei) from localhost-2019073278 || BYOND v506
[00:51:48]ADMIN: Recei has started the game.
[00:51:48]GAME: The current game mode is - extended
[00:51:50]DEBUG: Next event in 21.8 minutes.
[00:51:52]ACCESS: Logout: *no key*/(Recei)
[00:51:52]ACCESS: Login: Recei/(Alexander Hill) from localhost-2019073278 || BYOND v506
[00:52:35]ADMIN: Recei/(Alexander Hill) jumped to the Medbay
[00:52:39]ADMIN: Recei/(Alexander Hill) jumped to the Medbay
[00:52:43]ADMIN: Recei/(Alexander Hill) jumped to the Medbay
[00:53:08]ADMIN: Recei/(Alexander Hill) jumped to the Prison Aft Hallway
[00:53:14]ADMIN: Recei/(Alexander Hill) jumped to the Medbay
[00:53:18]ADMIN: Recei/(Alexander Hill) jumped to the Medbay
[00:53:24]ADMIN: Recei/(Alexander Hill) jumped to the Medbay
[00:53:29]ADMIN: Recei/(Alexander Hill) jumped to the Medbay
[00:53:43]ADMIN: Recei/(Alexander Hill) jumped to the Medbay
[00:53:49]ADMIN: Recei/(Alexander Hill) jumped to the Medbay
[00:54:01]ADMIN: Recei/(Alexander Hill) jumped to the Medbay
[00:56:02]ACCESS: Logout: Recei/(Alexander Hill)


Starting up. 01:25.15
---------------------
Adding game mode AutoTraitor (extend-a-traitormongous) to configuration.
Adding game mode traitor+changeling (traitorchan) to configuration.
Adding game mode traitor (traitor) to configuration.
Adding game mode changeling (changeling) to configuration.
Adding game mode cult (cult) to configuration.
Adding game mode extended (extended) to configuration.
Adding game mode heist (heist) to configuration.
Adding game mode AI malfunction (malfunction) to configuration.
Adding game mode Memetic Anomaly (meme) to configuration.
Adding game mode meteor (meteor) to configuration.
Adding game mode nuclear emergency (nuclear) to configuration.
Adding game mode rp-revolution (rp-revolution) to configuration.
Adding game mode revolution (revolution) to configuration.
Adding game mode wizard (wizard) to configuration.
Saved mode is 'extended'
[01:25:15]ADMIN: Loading Banlistjob
[01:25:15]ADMIN: Loading jobban_rank
[01:25:15]ADMIN: jobban_keylist was empty
[01:25:15]ADMIN: Updating jobbanfile!
[01:25:15]ADMIN: Loading Banlist
Failed to connect to database in load_donators().
[01:25:58]ACCESS: Login: Recei/(Recei) from 127.0.0.1-2019073278 || BYOND v506
[01:26:42]ADMIN: Recei has started the game.
[01:26:42]GAME: The current game mode is - extended
[01:26:45]DEBUG: Next event in 24.78 minutes.
[01:26:48]ACCESS: Logout: *no key*/(Recei)
[01:26:48]ACCESS: Login: Recei/(Alexander Hill) from 127.0.0.1-2019073278 || BYOND v506
[01:26:54]ACCESS: Logout: *no key*/(Alexander Hill)
[01:26:54]ACCESS: Login: Recei/(Alexander Hill) from 127.0.0.1-2019073278 || BYOND v506
[01:30:37]ACCESS: Logout: Recei/(Alexander Hill)


Starting up. 15:01.13
---------------------
Adding game mode AutoTraitor (extend-a-traitormongous) to configuration.
Adding game mode traitor+changeling (traitorchan) to configuration.
Adding game mode traitor (traitor) to configuration.
Adding game mode changeling (changeling) to configuration.
Adding game mode cult (cult) to configuration.
Adding game mode extended (extended) to configuration.
Adding game mode heist (heist) to configuration.
Adding game mode AI malfunction (malfunction) to configuration.
Adding game mode Memetic Anomaly (meme) to configuration.
Adding game mode meteor (meteor) to configuration.
Adding game mode nuclear emergency (nuclear) to configuration.
Adding game mode rp-revolution (rp-revolution) to configuration.
Adding game mode revolution (revolution) to configuration.
Adding game mode wizard (wizard) to configuration.
Saved mode is 'extended'
[15:02:40]ADMIN: Loading Banlistjob
[15:02:40]ADMIN: Loading jobban_rank
[15:02:40]ADMIN: jobban_keylist was empty
[15:02:40]ADMIN: Updating jobbanfile!
[15:02:40]ADMIN: Loading Banlist
Failed to connect to database in load_donators().
[15:04:34]ACCESS: Login: VictorSerion/(VictorSerion) from localhost-2019073278 || BYOND v506
[15:04:54]ADMIN: VictorSerion has started the game.
[15:04:54]GAME: The current game mode is - extended
[15:04:56]DEBUG: Next event in 28.14 minutes.
[15:04:58]ACCESS: Logout: *no key*/(VictorSerion)
[15:04:58]ACCESS: Login: VictorSerion/(Jace Williamson) from localhost-2019073278 || BYOND v506
[15:07:13]SAY: Experiment 88d/ : eh?
[15:14:28]SAY: Runtime/ : Meow!
[15:14:28]SAY: Ian/ : YAP.
[15:15:47]SAY: Runtime/ : Esp!
[15:16:30]SAY: Ian/ : YAP.
[15:17:29]SAY: Ian/ : YAP.
[15:22:38]ACCESS: Logout: VictorSerion/(Jace Williamson)


Starting up. 19:14.23
---------------------
Adding game mode AutoTraitor (extend-a-traitormongous) to configuration.
Adding game mode traitor+changeling (traitorchan) to configuration.
Adding game mode traitor (traitor) to configuration.
Adding game mode changeling (changeling) to configuration.
Adding game mode cult (cult) to configuration.
Adding game mode extended (extended) to configuration.
Adding game mode heist (heist) to configuration.
Adding game mode AI malfunction (malfunction) to configuration.
Adding game mode Memetic Anomaly (meme) to configuration.
Adding game mode meteor (meteor) to configuration.
Adding game mode nuclear emergency (nuclear) to configuration.
Adding game mode rp-revolution (rp-revolution) to configuration.
Adding game mode revolution (revolution) to configuration.
Adding game mode wizard (wizard) to configuration.
Saved mode is 'extended'
[19:14:23]ADMIN: Loading Banlistjob
[19:14:23]ADMIN: Loading jobban_rank
[19:14:23]ADMIN: jobban_keylist was empty
[19:14:23]ADMIN: Updating jobbanfile!
[19:14:23]ADMIN: Loading Banlist
Failed to connect to database in load_donators().
[19:14:23]ACCESS: Login: VictorSerion/(VictorSerion) from localhost-2019073278 || BYOND v506
[19:14:45]ADMIN: VictorSerion has started the game.
[19:14:45]GAME: The current game mode is - extended
[19:14:45]ACCESS: Logout: *no key*/(VictorSerion)
[19:14:45]ACCESS: Login: VictorSerion/(Jace Williamson) from localhost-2019073278 || BYOND v506
[19:14:46]GAME:  (victorserion) with rank (Captain) spawn at 41,13,1
[19:14:49]DEBUG: Next event in 25.47 minutes.
[19:40:18]DEBUG: Firing random event. #Engineer:0 #Medical:0 #Security:0 #Scientist:0 #AI:0 #Cyborg:0 #Janitor:0 #Botanist:0 ||| /datum/event/economic_event:200/datum/event/trivial_news:300/datum/event/mundane_news:200/datum/event/pda_spam:200/datum/event/money_lotto:50/datum/event/carp_migration:50/datum/event/brand_intelligence:50/datum/event/rogue_drone:25/datum/event/infestation:50/datum/event/communications_blackout:50/datum/event/ionstorm:1/datum/event/grid_check:25/datum/event/electrical_storm:1/datum/event/wallrot:1/datum/event/spacevine:5/datum/event/viral_infection:25/datum/event/prison_break:1|||Picked:/datum/event/economic_event
[19:40:18]DEBUG: Next event in 27.106 minutes.
[20:07:26]DEBUG: Firing random event. #Engineer:0 #Medical:0 #Security:0 #Scientist:0 #AI:0 #Cyborg:0 #Janitor:0 #Botanist:0 ||| /datum/event/economic_event:1/datum/event/trivial_news:300/datum/event/mundane_news:200/datum/event/pda_spam:200/datum/event/money_lotto:50/datum/event/carp_migration:50/datum/event/brand_intelligence:50/datum/event/rogue_drone:25/datum/event/infestation:50/datum/event/communications_blackout:50/datum/event/ionstorm:1/datum/event/grid_check:25/datum/event/electrical_storm:1/datum/event/wallrot:1/datum/event/spacevine:5/datum/event/meteor_wave:1/datum/event/meteor_shower:1/datum/event/blob:1/datum/event/viral_infection:25/datum/event/prison_break:1|||Picked:/datum/event/trivial_news
[20:07:26]DEBUG: Next event in 19.796 minutes.
[20:27:14]DEBUG: Firing random event. #Engineer:0 #Medical:0 #Security:0 #Scientist:0 #AI:0 #Cyborg:0 #Janitor:0 #Botanist:0 ||| /datum/event/economic_event:1/datum/event/trivial_news:1/datum/event/mundane_news:200/datum/event/pda_spam:200/datum/event/money_lotto:50/datum/event/carp_migration:50/datum/event/brand_intelligence:50/datum/event/rogue_drone:25/datum/event/infestation:50/datum/event/communications_blackout:50/datum/event/ionstorm:1/datum/event/grid_check:25/datum/event/electrical_storm:1/datum/event/wallrot:1/datum/event/spacevine:5/datum/event/meteor_wave:1/datum/event/meteor_shower:1/datum/event/blob:1/datum/event/viral_infection:25/datum/event/prison_break:1|||Picked:/datum/event/money_lotto
[20:27:14]DEBUG: Next event in 27.142 minutes.
[20:54:24]DEBUG: Firing random event. #Engineer:0 #Medical:0 #Security:0 #Scientist:0 #AI:0 #Cyborg:0 #Janitor:0 #Botanist:0 ||| /datum/event/economic_event:1/datum/event/trivial_news:33.94/datum/event/mundane_news:200/datum/event/pda_spam:200/datum/event/money_lotto:1/datum/event/carp_migration:50/datum/event/brand_intelligence:50/datum/event/rogue_drone:25/datum/event/infestation:50/datum/event/communications_blackout:50/datum/event/ionstorm:1/datum/event/grid_check:25/datum/event/electrical_storm:1/datum/event/wallrot:1/datum/event/spacevine:5/datum/event/meteor_wave:1/datum/event/meteor_shower:1/datum/event/blob:1/datum/event/viral_infection:25/datum/event/prison_break:1|||Picked:/datum/event/mundane_news
[20:54:24]DEBUG: Next event in 23.142 minutes.
[21:02:56]ACCESS: Logout: VictorSerion/(Jace Williamson)


Starting up. 22:10.32
---------------------
Adding game mode AutoTraitor (extend-a-traitormongous) to configuration.
Adding game mode traitor+changeling (traitorchan) to configuration.
Adding game mode traitor (traitor) to configuration.
Adding game mode changeling (changeling) to configuration.
Adding game mode cult (cult) to configuration.
Adding game mode extended (extended) to configuration.
Adding game mode heist (heist) to configuration.
Adding game mode AI malfunction (malfunction) to configuration.
Adding game mode Memetic Anomaly (meme) to configuration.
Adding game mode meteor (meteor) to configuration.
Adding game mode nuclear emergency (nuclear) to configuration.
Adding game mode rp-revolution (rp-revolution) to configuration.
Adding game mode revolution (revolution) to configuration.
Adding game mode wizard (wizard) to configuration.
Saved mode is 'extended'
[22:10:41]ADMIN: Loading Banlistjob
[22:10:41]ACCESS: Login: VictorSerion/(VictorSerion) from localhost-2019073278 || BYOND v506
[22:10:49]ADMIN: Loading jobban_rank
[22:10:49]ADMIN: jobban_keylist was empty
[22:10:49]ADMIN: Updating jobbanfile!
[22:13:24]ADMIN: Loading Banlist
Failed to connect to database in load_donators().
[22:15:56]ADMIN: VictorSerion has started the game.
[22:15:56]GAME: The current game mode is - extended
[22:15:59]DEBUG: Next event in 18.48 minutes.
[22:16:00]ACCESS: Logout: *no key*/(VictorSerion)
[22:16:00]ACCESS: Login: VictorSerion/(Jace Williamson) from localhost-2019073278 || BYOND v506
[22:26:24]SAY: Experiment 88d/ : eh?
[22:34:28]DEBUG: Firing random event. #Engineer:0 #Medical:0 #Security:0 #Scientist:0 #AI:0 #Cyborg:0 #Janitor:0 #Botanist:0 ||| /datum/event/economic_event:200/datum/event/trivial_news:300/datum/event/mundane_news:200/datum/event/pda_spam:200/datum/event/money_lotto:50/datum/event/carp_migration:50/datum/event/brand_intelligence:50/datum/event/rogue_drone:25/datum/event/infestation:50/datum/event/communications_blackout:50/datum/event/ionstorm:1/datum/event/grid_check:25/datum/event/electrical_storm:1/datum/event/wallrot:1/datum/event/spacevine:5/datum/event/viral_infection:25/datum/event/prison_break:1|||Picked:/datum/event/trivial_news
[22:34:28]DEBUG: Next event in 26.616 minutes.
[22:36:12]SAY: Runtime/ : Meow!
[22:47:21]SAY: Experiment 88d/ : eh?
[22:51:43]SAY: Runtime/ : Meow!
[22:54:15]SAY: Experiment 88d/ : EHEHEHEHEH.
[22:59:54]SAY: Runtime/ : Purr!
[23:01:05]DEBUG: Firing random event. #Engineer:0 #Medical:0 #Security:0 #Scientist:0 #AI:0 #Cyborg:0 #Janitor:0 #Botanist:0 ||| /datum/event/economic_event:200/datum/event/trivial_news:1/datum/event/mundane_news:200/datum/event/pda_spam:200/datum/event/money_lotto:50/datum/event/carp_migration:50/datum/event/brand_intelligence:50/datum/event/rogue_drone:25/datum/event/infestation:50/datum/event/communications_blackout:50/datum/event/ionstorm:1/datum/event/grid_check:25/datum/event/electrical_storm:1/datum/event/wallrot:1/datum/event/spacevine:5/datum/event/meteor_wave:1/datum/event/meteor_shower:1/datum/event/blob:1/datum/event/viral_infection:25/datum/event/prison_break:1|||Picked:/datum/event/viral_infection
[23:01:05]DEBUG: Next event in 26.076 minutes.
[23:02:39]EMOTE: Jace Williamson/VictorSerion : <B>Jace Williamson</B> sneezes.
[23:03:36]EMOTE: Jace Williamson/VictorSerion : <B>Jace Williamson</B> sneezes.
[23:03:48]EMOTE: Jace Williamson/VictorSerion : <B>Jace Williamson</B> sneezes.
[23:06:04]SAY: Ian/ : Bark!
[23:06:52]EMOTE: Jace Williamson/VictorSerion : <B>Jace Williamson</B> sneezes.
[23:08:08]EMOTE: Jace Williamson/VictorSerion : <B>Jace Williamson</B> sneezes.
[23:09:05]EMOTE: Jace Williamson/VictorSerion : <B>Jace Williamson</B> sneezes.
[23:09:07]EMOTE: Jace Williamson/VictorSerion : <B>Jace Williamson</B> sneezes.
[23:09:09]SAY: Ian/ : Woof!
[23:09:45]EMOTE: Jace Williamson/VictorSerion : <B>Jace Williamson</B> sneezes.
[23:09:51]EMOTE: Jace Williamson/VictorSerion : <B>Jace Williamson</B> sneezes.
[23:10:16]EMOTE: Jace Williamson/VictorSerion : <B>Jace Williamson</B> sneezes.
[23:10:29]EMOTE: Jace Williamson/VictorSerion : <B>Jace Williamson</B> sneezes.
[23:10:37]EMOTE: Jace Williamson/VictorSerion : <B>Jace Williamson</B> sneezes.
[23:11:19]EMOTE: Jace Williamson/VictorSerion : <B>Jace Williamson</B> sneezes.
[23:11:21]EMOTE: Jace Williamson/VictorSerion : <B>Jace Williamson</B> sneezes.
[23:12:15]EMOTE: Jace Williamson/VictorSerion : <B>Jace Williamson</B> sneezes.
[23:12:27]EMOTE: Jace Williamson/VictorSerion : <B>Jace Williamson</B> groans!
[23:12:49]EMOTE: Jace Williamson/VictorSerion : <B>Jace Williamson</B> groans!
[23:13:19]EMOTE: Jace Williamson/VictorSerion : <B>Jace Williamson</B> groans!
[23:13:32]EMOTE: Jace Williamson/VictorSerion : <B>Jace Williamson</B> sneezes.
[23:14:25]EMOTE: Jace Williamson/VictorSerion : <B>Jace Williamson</B> sneezes.
[23:14:53]EMOTE: Jace Williamson/VictorSerion : <B>Jace Williamson</B> sneezes.
[23:15:03]EMOTE: Jace Williamson/VictorSerion : <B>Jace Williamson</B> groans!
[23:15:07]EMOTE: Jace Williamson/VictorSerion : <B>Jace Williamson</B> sneezes.
[23:15:23]EMOTE: Jace Williamson/VictorSerion : <B>Jace Williamson</B> sneezes.
[23:15:39]EMOTE: Jace Williamson/VictorSerion : <B>Jace Williamson</B> sneezes.
[23:15:41]EMOTE: Jace Williamson/VictorSerion : <B>Jace Williamson</B> sneezes.
[23:16:11]EMOTE: Jace Williamson/VictorSerion : <B>Jace Williamson</B> groans!
[23:16:36]EMOTE: Jace Williamson/VictorSerion : <B>Jace Williamson</B> groans!
[23:16:50]EMOTE: Jace Williamson/VictorSerion : <B>Jace Williamson</B> sneezes.
[23:17:02]EMOTE: Jace Williamson/VictorSerion : <B>Jace Williamson</B> sneezes.
[23:17:20]EMOTE: Jace Williamson/VictorSerion : <B>Jace Williamson</B> groans!
[23:17:28]EMOTE: Jace Williamson/VictorSerion : <B>Jace Williamson</B> sneezes.
[23:17:30]EMOTE: Jace Williamson/VictorSerion : <B>Jace Williamson</B> sneezes.
[23:18:14]EMOTE: Jace Williamson/VictorSerion : <B>Jace Williamson</B> sneezes.
[23:18:14]EMOTE: Jace Williamson/VictorSerion : <B>Jace Williamson</B> groans!
[23:18:20]EMOTE: Jace Williamson/VictorSerion : <B>Jace Williamson</B> groans!
[23:18:26]EMOTE: Jace Williamson/VictorSerion : <B>Jace Williamson</B> groans!
[23:18:28]EMOTE: Jace Williamson/VictorSerion : <B>Jace Williamson</B> groans!
[23:18:30]EMOTE: Jace Williamson/VictorSerion : <B>Jace Williamson</B> sneezes.
[23:18:42]EMOTE: Jace Williamson/VictorSerion : <B>Jace Williamson</B> groans!
[23:18:48]EMOTE: Jace Williamson/VictorSerion : <B>Jace Williamson</B> sneezes.
[23:18:54]EMOTE: Jace Williamson/VictorSerion : <B>Jace Williamson</B> groans!
[23:19:02]EMOTE: Jace Williamson/VictorSerion : <B>Jace Williamson</B> sneezes.
[23:19:08]EMOTE: Jace Williamson/VictorSerion : <B>Jace Williamson</B> sneezes.
[23:19:48]EMOTE: Jace Williamson/VictorSerion : <B>Jace Williamson</B> sneezes.
[23:20:08]SAY: Runtime/ : Meow!
[23:20:28]EMOTE: Jace Williamson/VictorSerion : <B>Jace Williamson</B> groans!
[23:21:04]EMOTE: Jace Williamson/VictorSerion : <B>Jace Williamson</B> sneezes.
[23:21:12]EMOTE: Jace Williamson/VictorSerion : <B>Jace Williamson</B> sneezes.
[23:21:20]EMOTE: Jace Williamson/VictorSerion : <B>Jace Williamson</B> sneezes.
[23:21:46]EMOTE: Jace Williamson/VictorSerion : <B>Jace Williamson</B> sneezes.
[23:22:30]EMOTE: Jace Williamson/VictorSerion : <B>Jace Williamson</B> sneezes.
[23:22:40]SAY: Runtime/ : Purr!
[23:22:40]EMOTE: Jace Williamson/VictorSerion : <B>Jace Williamson</B> sneezes.
[23:22:42]EMOTE: Jace Williamson/VictorSerion : <B>Jace Williamson</B> sneezes.
[23:23:02]ACCESS: Logout: VictorSerion/(Jace Williamson)
